<Schema>
  <AccessGroup name="default">
    <ColumnFamily>
      <Name>apple</Name>
        <CellLimit>1</CellLimit>
    </ColumnFamily>
    <ColumnFamily>
      <Name>banana</Name>
        <ExpireDays>1.00</ExpireDays>
    </ColumnFamily>
  </AccessGroup>
  <AccessGroup name="marsha">
    <ColumnFamily>
      <Name>onion</Name>
        <CellLimit>1</CellLimit>
    </ColumnFamily>
    <ColumnFamily>
      <Name>cassis</Name>
        <CellLimit>5</CellLimit>
    </ColumnFamily>
  </AccessGroup>
  <AccessGroup name="jan" inMemory="true">
    <ColumnFamily>
      <Name>cherry</Name>
        <CellLimit>3</CellLimit>
    </ColumnFamily>
  </AccessGroup>
  <AccessGroup name="cindy">
    <ColumnFamily>
      <Name>yam</Name>
        <CellLimit>1</CellLimit>
    </ColumnFamily>
    <ColumnFamily>
      <Name>plum</Name>
        <CellLimit>1</CellLimit>
    </ColumnFamily>
    <ColumnFamily>
      <Name>broccoli</Name>
        <CellLimit>1</CellLimit>
    </ColumnFamily>
  </AccessGroup>
</Schema>
